2016-01-01 19:21:10: init
2016-01-01 19:21:10: table: wptz_blog_versions segment: 1/1
2016-01-01 19:21:10: table: wptz_blog_versions segment: 1/1
2016-01-01 19:21:10: table: wptz_blogs segment: 1/1
2016-01-01 19:21:10: table: wptz_blogs segment: 1/1
2016-01-01 19:21:10: table: wptz_commentmeta segment: 1/1
2016-01-01 19:21:10: table: wptz_commentmeta segment: 1/1
2016-01-01 19:21:10: table: wptz_comments segment: 1/1
2016-01-01 19:21:10: table: wptz_comments segment: 1/1
2016-01-01 19:21:10: table: wptz_links segment: 1/1
2016-01-01 19:21:10: table: wptz_links segment: 1/1
2016-01-01 19:21:10: table: wptz_options segment: 1/1
2016-01-01 19:21:10: table: wptz_options segment: 1/1
2016-01-01 19:21:10: table: wptz_postmeta segment: 1/3
2016-01-01 19:21:10: table: wptz_postmeta segment: 1/3
2016-01-01 19:21:10: table: wptz_postmeta segment: 2/3
2016-01-01 19:21:10: table: wptz_postmeta segment: 2/3
2016-01-01 19:21:10: table: wptz_postmeta segment: 3/3
2016-01-01 19:21:10: table: wptz_postmeta segment: 3/3
2016-01-01 19:21:10: table: wptz_posts segment: 1/1
2016-01-01 19:21:10: table: wptz_posts segment: 1/1
2016-01-01 19:21:10: table: wptz_registration_log segment: 1/1
2016-01-01 19:21:10: table: wptz_registration_log segment: 1/1
2016-01-01 19:21:10: table: wptz_signups segment: 1/1
2016-01-01 19:21:10: table: wptz_signups segment: 1/1
2016-01-01 19:21:10: table: wptz_site segment: 1/1
2016-01-01 19:21:10: table: wptz_site segment: 1/1
2016-01-01 19:21:10: table: wptz_sitemeta segment: 1/1
2016-01-01 19:21:10: table: wptz_sitemeta segment: 1/1
2016-01-01 19:21:11: table: wptz_term_relationships segment: 1/1
2016-01-01 19:21:11: table: wptz_term_relationships segment: 1/1
2016-01-01 19:21:11: table: wptz_term_taxonomy segment: 1/1
2016-01-01 19:21:11: table: wptz_term_taxonomy segment: 1/1
2016-01-01 19:21:11: table: wptz_termmeta segment: 1/1
2016-01-01 19:21:11: table: wptz_termmeta segment: 1/1
2016-01-01 19:21:11: table: wptz_terms segment: 1/1
2016-01-01 19:21:11: table: wptz_terms segment: 1/1
2016-01-01 19:21:11: table: wptz_usermeta segment: 1/1
2016-01-01 19:21:11: table: wptz_usermeta segment: 1/1
2016-01-01 19:21:11: table: wptz_users segment: 1/1
2016-01-01 19:21:11: table: wptz_users segment: 1/1
2016-01-01 19:21:11: table: arrowchat segment: 1/1
2016-01-01 19:21:11: table: arrowchat segment: 1/1
2016-01-01 19:21:11: table: arrowchat_admin segment: 1/1
2016-01-01 19:21:11: table: arrowchat_admin segment: 1/1
2016-01-01 19:21:11: table: arrowchat_applications segment: 1/1
2016-01-01 19:21:11: table: arrowchat_applications segment: 1/1
2016-01-01 19:21:11: table: arrowchat_banlist segment: 1/1
2016-01-01 19:21:11: table: arrowchat_banlist segment: 1/1
2016-01-01 19:21:11: table: arrowchat_chatroom_banlist segment: 1/1
2016-01-01 19:21:11: table: arrowchat_chatroom_banlist segment: 1/1
2016-01-01 19:21:11: table: arrowchat_chatroom_messages segment: 1/1
2016-01-01 19:21:11: table: arrowchat_chatroom_messages segment: 1/1
2016-01-01 19:21:11: table: arrowchat_chatroom_rooms segment: 1/1
2016-01-01 19:21:11: table: arrowchat_chatroom_rooms segment: 1/1
2016-01-01 19:21:11: table: arrowchat_chatroom_users segment: 1/1
2016-01-01 19:21:11: table: arrowchat_chatroom_users segment: 1/1
2016-01-01 19:21:11: table: arrowchat_config segment: 1/1
2016-01-01 19:21:11: table: arrowchat_config segment: 1/1
2016-01-01 19:21:11: table: arrowchat_graph_log segment: 1/1
2016-01-01 19:21:11: table: arrowchat_graph_log segment: 1/1
2016-01-01 19:21:11: table: arrowchat_notifications segment: 1/1
2016-01-01 19:21:11: table: arrowchat_notifications segment: 1/1
2016-01-01 19:21:11: table: arrowchat_notifications_markup segment: 1/1
2016-01-01 19:21:11: table: arrowchat_notifications_markup segment: 1/1
2016-01-01 19:21:11: table: arrowchat_reports segment: 1/1
2016-01-01 19:21:11: table: arrowchat_reports segment: 1/1
2016-01-01 19:21:11: table: arrowchat_smilies segment: 1/1
2016-01-01 19:21:11: table: arrowchat_smilies segment: 1/1
2016-01-01 19:21:11: table: arrowchat_status segment: 1/1
2016-01-01 19:21:11: table: arrowchat_status segment: 1/1
2016-01-01 19:21:11: table: arrowchat_themes segment: 1/1
2016-01-01 19:21:11: table: arrowchat_themes segment: 1/1
2016-01-01 19:21:11: table: arrowchat_trayicons segment: 1/1
2016-01-01 19:21:11: table: arrowchat_trayicons segment: 1/1
2016-01-01 19:21:11: table: arrowchat_warnings segment: 1/1
2016-01-01 19:21:11: table: arrowchat_warnings segment: 1/1
2016-01-01 19:21:11: table: wptz_bp_activity segment: 1/1
2016-01-01 19:21:11: table: wptz_bp_activity segment: 1/1
2016-01-01 19:21:11: table: wptz_bp_activity_meta segment: 1/1
2016-01-01 19:21:11: table: wptz_bp_activity_meta segment: 1/1
2016-01-01 19:21:11: table: wptz_bp_friends segment: 1/1
2016-01-01 19:21:11: table: wptz_bp_friends segment: 1/1
2016-01-01 19:21:11: table: wptz_bp_groups segment: 1/1
2016-01-01 19:21:11: table: wptz_bp_groups segment: 1/1
2016-01-01 19:21:11: table: wptz_bp_groups_groupmeta segment: 1/1
2016-01-01 19:21:11: table: wptz_bp_groups_groupmeta segment: 1/1
2016-01-01 19:21:11: table: wptz_bp_groups_members segment: 1/1
2016-01-01 19:21:11: table: wptz_bp_groups_members segment: 1/1
2016-01-01 19:21:11: table: wptz_bp_messages_messages segment: 1/1
2016-01-01 19:21:11: table: wptz_bp_messages_messages segment: 1/1
2016-01-01 19:21:11: table: wptz_bp_messages_meta segment: 1/1
2016-01-01 19:21:11: table: wptz_bp_messages_meta segment: 1/1
2016-01-01 19:21:11: table: wptz_bp_messages_notices segment: 1/1
2016-01-01 19:21:11: table: wptz_bp_messages_notices segment: 1/1
2016-01-01 19:21:11: table: wptz_bp_messages_recipients segment: 1/1
2016-01-01 19:21:11: table: wptz_bp_messages_recipients segment: 1/1
2016-01-01 19:21:11: table: wptz_bp_notifications segment: 1/1
2016-01-01 19:21:11: table: wptz_bp_notifications segment: 1/1
2016-01-01 19:21:11: table: wptz_bp_notifications_meta segment: 1/1
2016-01-01 19:21:11: table: wptz_bp_notifications_meta segment: 1/1
2016-01-01 19:21:11: table: wptz_bp_user_blogs segment: 1/1
2016-01-01 19:21:11: table: wptz_bp_user_blogs segment: 1/1
2016-01-01 19:21:11: table: wptz_bp_user_blogs_blogmeta segment: 1/1
2016-01-01 19:21:11: table: wptz_bp_user_blogs_blogmeta segment: 1/1
2016-01-01 19:21:11: table: wptz_bp_xprofile_data segment: 1/1
2016-01-01 19:21:11: table: wptz_bp_xprofile_data segment: 1/1
2016-01-01 19:21:11: table: wptz_bp_xprofile_fields segment: 1/1
2016-01-01 19:21:11: table: wptz_bp_xprofile_fields segment: 1/1
2016-01-01 19:21:11: table: wptz_bp_xprofile_groups segment: 1/1
2016-01-01 19:21:11: table: wptz_bp_xprofile_groups segment: 1/1
2016-01-01 19:21:11: table: wptz_bp_xprofile_meta segment: 1/1
2016-01-01 19:21:11: table: wptz_bp_xprofile_meta segment: 1/1
2016-01-01 19:21:11: table: wptz_comment_archive segment: 1/1
2016-01-01 19:21:11: table: wptz_comment_archive segment: 1/1
2016-01-01 19:21:11: table: wptz_csp3_subscribers segment: 1/1
2016-01-01 19:21:11: table: wptz_csp3_subscribers segment: 1/1
2016-01-01 19:21:11: table: wptz_eab_booking_meta segment: 1/1
2016-01-01 19:21:11: table: wptz_eab_booking_meta segment: 1/1
2016-01-01 19:21:11: table: wptz_eab_bookings segment: 1/1
2016-01-01 19:21:11: table: wptz_eab_bookings segment: 1/1
2016-01-01 19:21:11: table: wptz_eg_grids segment: 1/1
2016-01-01 19:21:11: table: wptz_eg_grids segment: 1/1
2016-01-01 19:21:11: table: wptz_eg_item_elements segment: 1/1
2016-01-01 19:21:11: table: wptz_eg_item_elements segment: 1/1
2016-01-01 19:21:11: table: wptz_eg_item_skins segment: 1/1
2016-01-01 19:21:11: table: wptz_eg_item_skins segment: 1/1
2016-01-01 19:21:11: table: wptz_eg_navigation_skins segment: 1/1
2016-01-01 19:21:11: table: wptz_eg_navigation_skins segment: 1/1
2016-01-01 19:21:11: table: wptz_gf_addon_feed segment: 1/1
2016-01-01 19:21:11: table: wptz_gf_addon_feed segment: 1/1
2016-01-01 19:21:11: table: wptz_give_customers segment: 1/1
2016-01-01 19:21:11: table: wptz_give_customers segment: 1/1
2016-01-01 19:21:11: table: wptz_i_world_map segment: 1/1
2016-01-01 19:21:11: table: wptz_i_world_map segment: 1/1
2016-01-01 19:21:11: table: wptz_icl_cms_nav_cache segment: 1/1
2016-01-01 19:21:11: table: wptz_icl_cms_nav_cache segment: 1/1
2016-01-01 19:21:11: table: wptz_icl_content_status segment: 1/1
2016-01-01 19:21:11: table: wptz_icl_content_status segment: 1/1
2016-01-01 19:21:11: table: wptz_icl_core_status segment: 1/1
2016-01-01 19:21:11: table: wptz_icl_core_status segment: 1/1
2016-01-01 19:21:12: table: wptz_icl_flags segment: 1/1
2016-01-01 19:21:12: table: wptz_icl_flags segment: 1/1
2016-01-01 19:21:12: table: wptz_icl_languages segment: 1/1
2016-01-01 19:21:12: table: wptz_icl_languages segment: 1/1
2016-01-01 19:21:12: table: wptz_icl_languages_translations segment: 1/5
2016-01-01 19:21:12: table: wptz_icl_languages_translations segment: 1/5
2016-01-01 19:21:12: table: wptz_icl_languages_translations segment: 2/5
2016-01-01 19:21:12: table: wptz_icl_languages_translations segment: 2/5
2016-01-01 19:21:12: table: wptz_icl_languages_translations segment: 3/5
2016-01-01 19:21:12: table: wptz_icl_languages_translations segment: 3/5
2016-01-01 19:21:12: table: wptz_icl_languages_translations segment: 4/5
2016-01-01 19:21:12: table: wptz_icl_languages_translations segment: 4/5
2016-01-01 19:21:12: table: wptz_icl_languages_translations segment: 5/5
2016-01-01 19:21:12: table: wptz_icl_languages_translations segment: 5/5
2016-01-01 19:21:12: table: wptz_icl_locale_map segment: 1/1
2016-01-01 19:21:12: table: wptz_icl_locale_map segment: 1/1
2016-01-01 19:21:12: table: wptz_icl_message_status segment: 1/1
2016-01-01 19:21:12: table: wptz_icl_message_status segment: 1/1
2016-01-01 19:21:12: table: wptz_icl_node segment: 1/1
2016-01-01 19:21:12: table: wptz_icl_node segment: 1/1
2016-01-01 19:21:12: table: wptz_icl_reminders segment: 1/1
2016-01-01 19:21:12: table: wptz_icl_reminders segment: 1/1
2016-01-01 19:21:12: table: wptz_icl_string_packages segment: 1/1
2016-01-01 19:21:12: table: wptz_icl_string_packages segment: 1/1
2016-01-01 19:21:12: table: wptz_icl_string_positions segment: 1/4
2016-01-01 19:21:12: table: wptz_icl_string_positions segment: 1/4
2016-01-01 19:21:12: table: wptz_icl_string_positions segment: 2/4
2016-01-01 19:21:12: table: wptz_icl_string_positions segment: 2/4
2016-01-01 19:21:12: table: wptz_icl_string_positions segment: 3/4
2016-01-01 19:21:12: table: wptz_icl_string_positions segment: 3/4
2016-01-01 19:21:12: table: wptz_icl_string_positions segment: 4/4
2016-01-01 19:21:12: table: wptz_icl_string_positions segment: 4/4
2016-01-01 19:21:12: table: wptz_icl_string_status segment: 1/1
2016-01-01 19:21:12: table: wptz_icl_string_status segment: 1/1
2016-01-01 19:21:12: table: wptz_icl_string_translations segment: 1/6
2016-01-01 19:21:12: table: wptz_icl_string_translations segment: 1/6
2016-01-01 19:21:12: table: wptz_icl_string_translations segment: 2/6
2016-01-01 19:21:12: table: wptz_icl_string_translations segment: 2/6
2016-01-01 19:21:12: table: wptz_icl_string_translations segment: 3/6
2016-01-01 19:21:12: table: wptz_icl_string_translations segment: 3/6
2016-01-01 19:21:12: table: wptz_icl_string_translations segment: 4/6
2016-01-01 19:21:12: table: wptz_icl_string_translations segment: 4/6
2016-01-01 19:21:12: table: wptz_icl_string_translations segment: 5/6
2016-01-01 19:21:12: table: wptz_icl_string_translations segment: 5/6
2016-01-01 19:21:13: table: wptz_icl_string_translations segment: 6/6
2016-01-01 19:21:13: table: wptz_icl_string_translations segment: 6/6
2016-01-01 19:21:13: table: wptz_icl_strings segment: 1/15
2016-01-01 19:21:13: table: wptz_icl_strings segment: 1/15
2016-01-01 19:21:13: table: wptz_icl_strings segment: 2/15
2016-01-01 19:21:13: table: wptz_icl_strings segment: 2/15
2016-01-01 19:21:13: table: wptz_icl_strings segment: 3/15
2016-01-01 19:21:13: table: wptz_icl_strings segment: 3/15
2016-01-01 19:21:13: table: wptz_icl_strings segment: 4/15
2016-01-01 19:21:13: table: wptz_icl_strings segment: 4/15
2016-01-01 19:21:13: table: wptz_icl_strings segment: 5/15
2016-01-01 19:21:13: table: wptz_icl_strings segment: 5/15
2016-01-01 19:21:13: table: wptz_icl_strings segment: 6/15
2016-01-01 19:21:13: table: wptz_icl_strings segment: 6/15
2016-01-01 19:21:13: table: wptz_icl_strings segment: 7/15
2016-01-01 19:21:13: table: wptz_icl_strings segment: 7/15
2016-01-01 19:21:13: table: wptz_icl_strings segment: 8/15
2016-01-01 19:21:13: table: wptz_icl_strings segment: 8/15
2016-01-01 19:21:14: table: wptz_icl_strings segment: 9/15
2016-01-01 19:21:14: table: wptz_icl_strings segment: 9/15
2016-01-01 19:21:14: table: wptz_icl_strings segment: 10/15
2016-01-01 19:21:14: table: wptz_icl_strings segment: 10/15
2016-01-01 19:21:14: table: wptz_icl_strings segment: 11/15
2016-01-01 19:21:14: table: wptz_icl_strings segment: 11/15
2016-01-01 19:21:14: table: wptz_icl_strings segment: 12/15
2016-01-01 19:21:14: table: wptz_icl_strings segment: 12/15
2016-01-01 19:21:14: table: wptz_icl_strings segment: 13/15
2016-01-01 19:21:14: table: wptz_icl_strings segment: 13/15
2016-01-01 19:21:14: table: wptz_icl_strings segment: 14/15
2016-01-01 19:21:14: table: wptz_icl_strings segment: 14/15
2016-01-01 19:21:14: table: wptz_icl_strings segment: 15/15
2016-01-01 19:21:14: table: wptz_icl_strings segment: 15/15
2016-01-01 19:21:15: table: wptz_icl_translate segment: 1/1
2016-01-01 19:21:15: table: wptz_icl_translate segment: 1/1
2016-01-01 19:21:15: table: wptz_icl_translate_job segment: 1/1
2016-01-01 19:21:15: table: wptz_icl_translate_job segment: 1/1
2016-01-01 19:21:15: table: wptz_icl_translation_batches segment: 1/1
2016-01-01 19:21:15: table: wptz_icl_translation_batches segment: 1/1
2016-01-01 19:21:15: table: wptz_icl_translation_status segment: 1/1
2016-01-01 19:21:15: table: wptz_icl_translation_status segment: 1/1
2016-01-01 19:21:15: table: wptz_icl_translations segment: 1/1
2016-01-01 19:21:15: table: wptz_icl_translations segment: 1/1
2016-01-01 19:21:15: table: wptz_layerslider segment: 1/1
2016-01-01 19:21:15: table: wptz_layerslider segment: 1/1
2016-01-01 19:21:15: table: wptz_moderation_reports segment: 1/1
2016-01-01 19:21:15: table: wptz_moderation_reports segment: 1/1
2016-01-01 19:21:15: table: wptz_moderation_warnings segment: 1/1
2016-01-01 19:21:15: table: wptz_moderation_warnings segment: 1/1
2016-01-01 19:21:15: table: wptz_mywebtonetperfstatsresults segment: 1/1
2016-01-01 19:21:15: table: wptz_mywebtonetperfstatsresults segment: 1/1
2016-01-01 19:21:15: table: wptz_mywebtonetqtest segment: 1/1
2016-01-01 19:21:15: table: wptz_mywebtonetqtest segment: 1/1
2016-01-01 19:21:15: table: wptz_pmxi_files segment: 1/1
2016-01-01 19:21:15: table: wptz_pmxi_files segment: 1/1
2016-01-01 19:21:15: table: wptz_pmxi_history segment: 1/1
2016-01-01 19:21:15: table: wptz_pmxi_history segment: 1/1
2016-01-01 19:21:15: table: wptz_pmxi_imports segment: 1/1
2016-01-01 19:21:15: table: wptz_pmxi_imports segment: 1/1
2016-01-01 19:21:15: table: wptz_pmxi_posts segment: 1/1
2016-01-01 19:21:15: table: wptz_pmxi_posts segment: 1/1
2016-01-01 19:21:15: table: wptz_pmxi_templates segment: 1/1
2016-01-01 19:21:15: table: wptz_pmxi_templates segment: 1/1
2016-01-01 19:21:15: table: wptz_post_archive segment: 1/1
2016-01-01 19:21:15: table: wptz_post_archive segment: 1/1
2016-01-01 19:21:15: table: wptz_rg_form segment: 1/1
2016-01-01 19:21:15: table: wptz_rg_form segment: 1/1
2016-01-01 19:21:15: table: wptz_rg_form_meta segment: 1/1
2016-01-01 19:21:15: table: wptz_rg_form_meta segment: 1/1
2016-01-01 19:21:15: table: wptz_rg_form_view segment: 1/1
2016-01-01 19:21:15: table: wptz_rg_form_view segment: 1/1
2016-01-01 19:21:15: table: wptz_rg_incomplete_submissions segment: 1/1
2016-01-01 19:21:15: table: wptz_rg_incomplete_submissions segment: 1/1
2016-01-01 19:21:15: table: wptz_rg_lead segment: 1/1
2016-01-01 19:21:15: table: wptz_rg_lead segment: 1/1
2016-01-01 19:21:15: table: wptz_rg_lead_detail segment: 1/1
2016-01-01 19:21:15: table: wptz_rg_lead_detail segment: 1/1
2016-01-01 19:21:15: table: wptz_rg_lead_detail_long segment: 1/1
2016-01-01 19:21:15: table: wptz_rg_lead_detail_long segment: 1/1
2016-01-01 19:21:15: table: wptz_rg_lead_meta segment: 1/1
2016-01-01 19:21:15: table: wptz_rg_lead_meta segment: 1/1
2016-01-01 19:21:15: table: wptz_rg_lead_notes segment: 1/1
2016-01-01 19:21:15: table: wptz_rg_lead_notes segment: 1/1
2016-01-01 19:21:15: table: wptz_sl_setting segment: 1/1
2016-01-01 19:21:15: table: wptz_sl_setting segment: 1/1
2016-01-01 19:21:15: table: wptz_sl_tag segment: 1/1
2016-01-01 19:21:15: table: wptz_sl_tag segment: 1/1
2016-01-01 19:21:15: table: wptz_store_locator segment: 1/1
2016-01-01 19:21:15: table: wptz_store_locator segment: 1/1
2016-01-01 19:21:15: file: non selected
2016-01-01 19:21:15: backupZipFolder[]
2016-01-01 19:21:15: rename: backupZipFile[/home/circulocristiano/public_html/wp-content/uploads/snapshots/_backup/1451626460/snapshot-backup.zip] backupZipFileFinal[/home/circulocristiano/public_html/wp-content/uploads/snapshots/snapshot-1451626460-160102-032110-c2bf7adc.zip]
2016-01-01 19:21:15: memory limit: 256M: memory usage current: 102.5M: memory usage peak: 137.1M
2016-01-01 19:21:15: finish: snapshot-1451626460-160102-032110-c2bf7adc.zip
2016-01-01 19:21:16: Sending Archive: snapshot-1451626460-160102-032110-c2bf7adc.zip 2.63M
2016-01-01 19:21:16: Destination: dropbox: CC Dropbox
2016-01-01 19:21:18: Sending to Dropbox Directory:cc/
2016-01-01 19:21:18: Send file success: snapshot-1451626460-160102-032110-c2bf7adc.zip
