2015-12-31 21:34:48: Backup: init
2015-12-31 21:34:48: adding new snapshot: 1451626460
2015-12-31 21:34:51: table: wptz_blog_versions segment: 1/1
2015-12-31 21:34:54: table: wptz_blogs segment: 1/1
2015-12-31 21:34:58: table: wptz_commentmeta segment: 1/1
2015-12-31 21:35:01: table: wptz_comments segment: 1/1
2015-12-31 21:35:04: table: wptz_links segment: 1/1
2015-12-31 21:35:07: table: wptz_options segment: 1/1
2015-12-31 21:35:10: table: wptz_postmeta segment: 1/2
2015-12-31 21:35:13: table: wptz_postmeta segment: 2/2
2015-12-31 21:35:17: table: wptz_posts segment: 1/1
2015-12-31 21:35:20: table: wptz_registration_log segment: 1/1
2015-12-31 21:35:23: table: wptz_signups segment: 1/1
2015-12-31 21:35:27: table: wptz_site segment: 1/1
2015-12-31 21:35:29: table: wptz_sitemeta segment: 1/1
2015-12-31 21:35:32: table: wptz_term_relationships segment: 1/1
2015-12-31 21:35:35: table: wptz_term_taxonomy segment: 1/1
2015-12-31 21:35:38: table: wptz_termmeta segment: 1/1
2015-12-31 21:35:41: table: wptz_terms segment: 1/1
2015-12-31 21:35:44: table: wptz_usermeta segment: 1/1
2015-12-31 21:35:46: table: wptz_users segment: 1/1
2015-12-31 21:35:49: table: arrowchat segment: 1/1
2015-12-31 21:35:52: table: arrowchat_admin segment: 1/1
2015-12-31 21:35:55: table: arrowchat_applications segment: 1/1
2015-12-31 21:35:58: table: arrowchat_banlist segment: 1/1
2015-12-31 21:36:01: table: arrowchat_chatroom_banlist segment: 1/1
2015-12-31 21:36:03: table: arrowchat_chatroom_messages segment: 1/1
2015-12-31 21:36:06: table: arrowchat_chatroom_rooms segment: 1/1
2015-12-31 21:36:09: table: arrowchat_chatroom_users segment: 1/1
2015-12-31 21:36:13: table: arrowchat_config segment: 1/1
2015-12-31 21:36:17: table: arrowchat_graph_log segment: 1/1
2015-12-31 21:36:20: table: arrowchat_notifications segment: 1/1
2015-12-31 21:36:24: table: arrowchat_notifications_markup segment: 1/1
2015-12-31 21:36:28: table: arrowchat_reports segment: 1/1
2015-12-31 21:36:31: table: arrowchat_smilies segment: 1/1
2015-12-31 21:36:34: table: arrowchat_status segment: 1/1
2015-12-31 21:36:38: table: arrowchat_themes segment: 1/1
2015-12-31 21:36:41: table: arrowchat_trayicons segment: 1/1
2015-12-31 21:36:45: table: arrowchat_warnings segment: 1/1
2015-12-31 21:36:49: table: wptz_bp_activity segment: 1/1
2015-12-31 21:36:53: table: wptz_bp_activity_meta segment: 1/1
2015-12-31 21:36:56: table: wptz_bp_friends segment: 1/1
2015-12-31 21:37:00: table: wptz_bp_groups segment: 1/1
2015-12-31 21:37:03: table: wptz_bp_groups_groupmeta segment: 1/1
2015-12-31 21:37:06: table: wptz_bp_groups_members segment: 1/1
2015-12-31 21:37:09: table: wptz_bp_messages_messages segment: 1/1
2015-12-31 21:37:13: table: wptz_bp_messages_meta segment: 1/1
2015-12-31 21:37:17: table: wptz_bp_messages_notices segment: 1/1
2015-12-31 21:37:20: table: wptz_bp_messages_recipients segment: 1/1
2015-12-31 21:37:24: table: wptz_bp_notifications segment: 1/1
2015-12-31 21:37:29: table: wptz_bp_notifications_meta segment: 1/1
2015-12-31 21:37:33: table: wptz_bp_user_blogs segment: 1/1
2015-12-31 21:37:37: table: wptz_bp_user_blogs_blogmeta segment: 1/1
2015-12-31 21:37:42: table: wptz_bp_xprofile_data segment: 1/1
2015-12-31 21:37:46: table: wptz_bp_xprofile_fields segment: 1/1
2015-12-31 21:37:49: table: wptz_bp_xprofile_groups segment: 1/1
2015-12-31 21:37:52: table: wptz_bp_xprofile_meta segment: 1/1
2015-12-31 21:37:56: table: wptz_comment_archive segment: 1/1
2015-12-31 21:38:00: table: wptz_csp3_subscribers segment: 1/1
2015-12-31 21:38:03: table: wptz_eab_booking_meta segment: 1/1
2015-12-31 21:38:07: table: wptz_eab_bookings segment: 1/1
2015-12-31 21:38:11: table: wptz_eg_grids segment: 1/1
2015-12-31 21:38:15: table: wptz_eg_item_elements segment: 1/1
2015-12-31 21:38:19: table: wptz_eg_item_skins segment: 1/1
2015-12-31 21:38:23: table: wptz_eg_navigation_skins segment: 1/1
2015-12-31 21:38:28: table: wptz_gf_addon_feed segment: 1/1
2015-12-31 21:38:31: table: wptz_give_customers segment: 1/1
2015-12-31 21:38:34: table: wptz_i_world_map segment: 1/1
2015-12-31 21:38:39: table: wptz_icl_cms_nav_cache segment: 1/1
2015-12-31 21:38:43: table: wptz_icl_content_status segment: 1/1
2015-12-31 21:38:47: table: wptz_icl_core_status segment: 1/1
2015-12-31 21:38:50: table: wptz_icl_flags segment: 1/1
2015-12-31 21:38:53: table: wptz_icl_languages segment: 1/1
2015-12-31 21:38:57: table: wptz_icl_languages_translations segment: 1/5
2015-12-31 21:39:01: table: wptz_icl_languages_translations segment: 2/5
2015-12-31 21:39:04: table: wptz_icl_languages_translations segment: 3/5
2015-12-31 21:39:08: table: wptz_icl_languages_translations segment: 4/5
2015-12-31 21:39:12: table: wptz_icl_languages_translations segment: 5/5
2015-12-31 21:39:16: table: wptz_icl_locale_map segment: 1/1
2015-12-31 21:39:19: table: wptz_icl_message_status segment: 1/1
2015-12-31 21:39:23: table: wptz_icl_node segment: 1/1
2015-12-31 21:39:28: table: wptz_icl_reminders segment: 1/1
2015-12-31 21:39:31: table: wptz_icl_string_packages segment: 1/1
2015-12-31 21:39:35: table: wptz_icl_string_positions segment: 1/10
2015-12-31 21:39:39: table: wptz_icl_string_positions segment: 2/10
2015-12-31 21:39:43: table: wptz_icl_string_positions segment: 3/10
2015-12-31 21:39:47: table: wptz_icl_string_positions segment: 4/10
2015-12-31 21:39:50: table: wptz_icl_string_positions segment: 5/10
2015-12-31 21:39:54: table: wptz_icl_string_positions segment: 6/10
2015-12-31 21:39:58: table: wptz_icl_string_positions segment: 7/10
2015-12-31 21:40:03: table: wptz_icl_string_positions segment: 8/10
2015-12-31 21:40:06: table: wptz_icl_string_positions segment: 9/10
2015-12-31 21:40:10: table: wptz_icl_string_positions segment: 10/10
2015-12-31 21:40:13: table: wptz_icl_string_status segment: 1/1
2015-12-31 21:40:16: table: wptz_icl_string_translations segment: 1/6
2015-12-31 21:40:19: table: wptz_icl_string_translations segment: 2/6
2015-12-31 21:40:23: table: wptz_icl_string_translations segment: 3/6
2015-12-31 21:40:29: table: wptz_icl_string_translations segment: 4/6
2015-12-31 21:40:33: table: wptz_icl_string_translations segment: 5/6
2015-12-31 21:40:36: table: wptz_icl_string_translations segment: 6/6
2015-12-31 21:40:39: table: wptz_icl_strings segment: 1/15
2015-12-31 21:40:43: table: wptz_icl_strings segment: 2/15
2015-12-31 21:40:46: table: wptz_icl_strings segment: 3/15
2015-12-31 21:40:50: table: wptz_icl_strings segment: 4/15
2015-12-31 21:40:54: table: wptz_icl_strings segment: 5/15
2015-12-31 21:40:57: table: wptz_icl_strings segment: 6/15
2015-12-31 21:41:01: table: wptz_icl_strings segment: 7/15
2015-12-31 21:41:05: table: wptz_icl_strings segment: 8/15
2015-12-31 21:41:08: table: wptz_icl_strings segment: 9/15
2015-12-31 21:41:13: table: wptz_icl_strings segment: 10/15
2015-12-31 21:41:16: table: wptz_icl_strings segment: 11/15
2015-12-31 21:41:20: table: wptz_icl_strings segment: 12/15
2015-12-31 21:41:23: table: wptz_icl_strings segment: 13/15
2015-12-31 21:41:27: table: wptz_icl_strings segment: 14/15
2015-12-31 21:41:32: table: wptz_icl_strings segment: 15/15
2015-12-31 21:41:36: table: wptz_icl_translate segment: 1/1
2015-12-31 21:41:39: table: wptz_icl_translate_job segment: 1/1
2015-12-31 21:41:43: table: wptz_icl_translation_batches segment: 1/1
2015-12-31 21:41:49: table: wptz_icl_translation_status segment: 1/1
2015-12-31 21:41:52: table: wptz_icl_translations segment: 1/1
2015-12-31 21:41:56: table: wptz_layerslider segment: 1/1
2015-12-31 21:41:59: table: wptz_moderation_reports segment: 1/1
2015-12-31 21:42:03: table: wptz_moderation_warnings segment: 1/1
2015-12-31 21:42:07: table: wptz_mywebtonetperfstatsresults segment: 1/1
2015-12-31 21:42:11: table: wptz_mywebtonetqtest segment: 1/1
2015-12-31 21:42:15: table: wptz_pmxi_files segment: 1/1
2015-12-31 21:42:19: table: wptz_pmxi_history segment: 1/1
2015-12-31 21:42:22: table: wptz_pmxi_imports segment: 1/1
2015-12-31 21:42:26: table: wptz_pmxi_posts segment: 1/1
2015-12-31 21:42:29: table: wptz_pmxi_templates segment: 1/1
2015-12-31 21:42:34: table: wptz_post_archive segment: 1/1
2015-12-31 21:42:38: table: wptz_rg_form segment: 1/1
2015-12-31 21:42:41: table: wptz_rg_form_meta segment: 1/1
2015-12-31 21:42:46: table: wptz_rg_form_view segment: 1/1
2015-12-31 21:42:49: table: wptz_rg_incomplete_submissions segment: 1/1
2015-12-31 21:42:52: table: wptz_rg_lead segment: 1/1
2015-12-31 21:42:56: table: wptz_rg_lead_detail segment: 1/1
2015-12-31 21:42:59: table: wptz_rg_lead_detail_long segment: 1/1
2015-12-31 21:43:03: table: wptz_rg_lead_meta segment: 1/1
2015-12-31 21:43:07: table: wptz_rg_lead_notes segment: 1/1
2015-12-31 21:43:10: table: wptz_sl_setting segment: 1/1
2015-12-31 21:43:13: table: wptz_sl_tag segment: 1/1
2015-12-31 21:43:17: table: wptz_store_locator segment: 1/1
2015-12-31 21:43:20: backupZipFolder[]
2015-12-31 21:43:20: rename: backupZipFile[/home/circulocristiano/public_html/wp-content/uploads/snapshots/_backup/1451626460/snapshot-backup.zip] backupZipFileFinal[/home/circulocristiano/public_html/wp-content/uploads/snapshots/snapshot-1451626460-160101-053420-9561c514.zip]
2015-12-31 21:43:20: finish: snapshot-1451626460-160101-053420-9561c514.zip
2015-12-31 21:47:31: Sending Archive: snapshot-1451626460-160101-053420-9561c514.zip 2.68M
2015-12-31 21:47:31: Destination: dropbox: CC Dropbox
2015-12-31 21:47:33: Sending to Dropbox Directory:cc/
2015-12-31 21:47:33: Send file success: snapshot-1451626460-160101-053420-9561c514.zip
